#
# A fatal error has been detected by the Java Runtime Environment:
#
#  EXCEPTION_ACCESS_VIOLATION (0xc0000005) at pc=0x0000000058ce4346, pid=6220, tid=5760
#
# JRE version: Java(TM) SE Runtime Environment (7.0_79-b15) (build 1.7.0_79-b15)
# Java VM: Java HotSpot(TM) 64-Bit Server VM (24.79-b02 mixed mode windows-amd64 compressed oops)
# Problematic frame:
# V  [jvm.dll+0x434346]
#
# Failed to write core dump. Minidumps are not enabled by default on client versions of Windows
#
# If you would like to submit a bug report, please visit:
#   http://bugreport.java.com/bugreport/crash.jsp
#

---------------  T H R E A D  ---------------

Current thread (0x0000000012589000):  JavaThread "C2 CompilerThread1" daemon [_thread_in_native, id=5760, stack(0x0000000014d40000,0x0000000014e40000)]

siginfo: ExceptionCode=0xc0000005, reading address 0xffffffffffffffff

Registers:
RAX=0x0000000017947001, RBX=0x0000000000000015, RCX=0x0000000000000002, RDX=0x0000000000000002
RSP=0x0000000014e3bef0, RBP=0x000000000005ded0, RSI=0x0000000000000d6b, RDI=0x000000001c0aee80
R8 =0x0000000000200000, R9 =0x6800000000590105, R10=0x0000000014e3c240, R11=0x0000000014e3bf50
R12=0x000000001943edd0, R13=0x0000000014e3c550, R14=0x00000000588b0000, R15=0x0000000059010568
RIP=0x0000000058ce4346, EFLAGS=0x0000000000010206

Top of Stack: (sp=0x0000000014e3bef0)
0x0000000014e3bef0:   0000000000000d66 0000000000000003
0x0000000014e3bf00:   000000000005ded0 0000000000000d6b
0x0000000014e3bf10:   0000055900000000 0000000000000003
0x0000000014e3bf20:   00000000191acd00 0000000000000006
0x0000000014e3bf30:   00000000191ad2c0 000000000000001a
0x0000000014e3bf40:   0000000014e3c0c0 0000000058d1aeb4
0x0000000014e3bf50:   0000000000000003 000000001815b3f0
0x0000000014e3bf60:   0000000016606770 0000000014e3c550
0x0000000014e3bf70:   000000001949ccd8 0000000058ce57ab
0x0000000014e3bf80:   000000000005ded0 00000000000013b9
0x0000000014e3bf90:   0000000014e3c080 0000000019465448
0x0000000014e3bfa0:   0000001600000000 0000001500000009
0x0000000014e3bfb0:   00000d6b00000000 000000001815b3f0
0x0000000014e3bfc0:   000002a600000008 0000000005155455
0x0000000014e3bfd0:   0000000000000000 0000000000000000
0x0000000014e3bfe0:   0000000000000000 0000000000000000 

Instructions: (pc=0x0000000058ce4346)
0x0000000058ce4326:   c6 42 00 00 4c 8b c8 8b d3 83 e3 1f 41 b8 01 00
0x0000000058ce4336:   00 00 c1 ea 05 0f b6 cb 83 e2 07 41 d3 e0 8b ca
0x0000000058ce4346:   41 8b 14 91 8b c2 41 0b c0 41 89 04 89 41 85 d0
0x0000000058ce4356:   0f 85 a4 fe ff ff ff 07 e9 9d fe ff ff 48 8b bc 


Register to memory mapping:

RAX=0x0000000017947001 is an unknown value
RBX=0x0000000000000015 is an unknown value
RCX=0x0000000000000002 is an unknown value
RDX=0x0000000000000002 is an unknown value
RSP=0x0000000014e3bef0 is pointing into the stack for thread: 0x0000000012589000
RBP=0x000000000005ded0 is an unknown value
RSI=0x0000000000000d6b is an unknown value
RDI=0x000000001c0aee80 is an unknown value
R8 =0x0000000000200000 is an unknown value
R9 =0x6800000000590105 is an unknown value
R10=0x0000000014e3c240 is pointing into the stack for thread: 0x0000000012589000
R11=0x0000000014e3bf50 is pointing into the stack for thread: 0x0000000012589000
R12=0x000000001943edd0 is an unknown value
R13=0x0000000014e3c550 is pointing into the stack for thread: 0x0000000012589000
R14=0x00000000588b0000 is an unknown value
R15=0x0000000059010568 is an unknown value


Stack: [0x0000000014d40000,0x0000000014e40000],  sp=0x0000000014e3bef0,  free space=1007k
Native frames: (J=compiled Java code, j=interpreted, Vv=VM code, C=native code)
V  [jvm.dll+0x434346]

[error occurred during error reporting (printing native stack), id 0xc0000005]


Current CompileTask:
C2:  24440 1606   !         com.android.dx.cf.code.Ropper::processBlock (1101 bytes)


---------------  P R O C E S S  ---------------

Java Threads: ( => current thread )
  0x000000001564e000 JavaThread "pool-15-thread-4" [_thread_in_Java, id=4776, stack(0x000000001b3a0000,0x000000001b4a0000)]
  0x0000000015654000 JavaThread "pool-15-thread-3" [_thread_in_vm, id=6240, stack(0x000000001a0d0000,0x000000001a1d0000)]
  0x0000000015656000 JavaThread "pool-15-thread-2" [_thread_in_vm, id=2348, stack(0x000000001a910000,0x000000001aa10000)]
  0x0000000015657000 JavaThread "pool-16-thread-1" [_thread_blocked, id=6596, stack(0x0000000019fc0000,0x000000001a0c0000)]
  0x0000000015653000 JavaThread "pool-15-thread-1" [_thread_in_Java, id=5448, stack(0x000000001a720000,0x000000001a820000)]
  0x00000000155b2800 JavaThread "pool-14-thread-1" [_thread_blocked, id=4568, stack(0x000000001bb10000,0x000000001bc10000)]
  0x00000000155b3000 JavaThread "pool-13-thread-1" [_thread_in_vm, id=6892, stack(0x000000001aff0000,0x000000001b0f0000)]
  0x0000000015655800 JavaThread "pool-10-thread-1" [_thread_blocked, id=6960, stack(0x000000001ab60000,0x000000001ac60000)]
  0x0000000015654800 JavaThread "pool-6-thread-1" [_thread_in_vm, id=5360, stack(0x000000001b220000,0x000000001b320000)]
  0x0000000015659000 JavaThread "pool-2-thread-4" [_thread_in_Java, id=6352, stack(0x000000001a370000,0x000000001a470000)]
  0x000000001564f800 JavaThread "pool-2-thread-3" [_thread_blocked, id=1384, stack(0x000000001a600000,0x000000001a700000)]
  0x0000000015651800 JavaThread "pool-2-thread-2" [_thread_blocked, id=4620, stack(0x000000001a4b0000,0x000000001a5b0000)]
  0x0000000015657800 JavaThread "pool-2-thread-1" [_thread_in_Java, id=2504, stack(0x000000001a240000,0x000000001a340000)]
  0x000000001564d000 JavaThread "pool-1-thread-8" [_thread_blocked, id=2192, stack(0x0000000019ea0000,0x0000000019fa0000)]
  0x000000001564c800 JavaThread "pool-1-thread-7" [_thread_blocked, id=2472, stack(0x0000000016a10000,0x0000000016b10000)]
  0x000000001564b800 JavaThread "pool-1-thread-6" [_thread_blocked, id=5208, stack(0x0000000019cf0000,0x0000000019df0000)]
  0x000000001564b000 JavaThread "pool-1-thread-5" [_thread_blocked, id=6872, stack(0x0000000019bb0000,0x0000000019cb0000)]
  0x000000001564a000 JavaThread "pool-1-thread-4" [_thread_blocked, id=5612, stack(0x0000000019a70000,0x0000000019b70000)]
  0x0000000015091800 JavaThread "pool-1-thread-3" [_thread_blocked, id=6248, stack(0x0000000018630000,0x0000000018730000)]
  0x0000000015e5c800 JavaThread "pool-1-thread-2" [_thread_blocked, id=6072, stack(0x0000000019970000,0x0000000019a70000)]
  0x00000000188bf800 JavaThread "pool-1-thread-1" [_thread_blocked, id=5084, stack(0x0000000019750000,0x0000000019850000)]
  0x0000000015de1800 JavaThread "File lock request listener" [_thread_in_native, id=5928, stack(0x00000000184d0000,0x00000000185d0000)]
  0x00000000156c3000 JavaThread "Stdin handler" [_thread_blocked, id=7016, stack(0x0000000017310000,0x0000000017410000)]
  0x000000001552a800 JavaThread "Daemon worker" [_thread_blocked, id=3676, stack(0x0000000017130000,0x0000000017230000)]
  0x0000000015669000 JavaThread "Cancel handler" [_thread_blocked, id=6360, stack(0x0000000016fa0000,0x00000000170a0000)]
  0x0000000015725000 JavaThread "Handler for socket connection from /127.0.0.1:60845 to /127.0.0.1:60847" [_thread_in_native, id=6296, stack(0x0000000016e30000,0x0000000016f30000)]
  0x0000000015922800 JavaThread "Daemon" [_thread_blocked, id=6992, stack(0x0000000016c20000,0x0000000016d20000)]
  0x0000000015461000 JavaThread "Incoming local TCP Connector on port 60845" [_thread_in_native, id=4472, stack(0x0000000016b20000,0x0000000016c20000)]
  0x000000001258f000 JavaThread "Service Thread" daemon [_thread_blocked, id=6780, stack(0x0000000014a20000,0x0000000014b20000)]
=>0x0000000012589000 JavaThread "C2 CompilerThread1" daemon [_thread_in_native, id=5760, stack(0x0000000014d40000,0x0000000014e40000)]
  0x0000000013520000 JavaThread "C2 CompilerThread0" daemon [_thread_in_native, id=4176, stack(0x0000000014b50000,0x0000000014c50000)]
  0x000000001351f000 JavaThread "Attach Listener" daemon [_thread_blocked, id=2144, stack(0x0000000014910000,0x0000000014a10000)]
  0x000000001351e000 JavaThread "Signal Dispatcher" daemon [_thread_blocked, id=5648, stack(0x0000000007250000,0x0000000007350000)]
  0x0000000012571000 JavaThread "Finalizer" daemon [_thread_blocked, id=6924, stack(0x00000000147a0000,0x00000000148a0000)]
  0x0000000002749800 JavaThread "Reference Handler" daemon [_thread_blocked, id=5564, stack(0x0000000014430000,0x0000000014530000)]
  0x000000000264f000 JavaThread "main" [_thread_blocked, id=6676, stack(0x00000000028a0000,0x00000000029a0000)]

Other Threads:
  0x00000000134d3800 VMThread [stack: 0x0000000014590000,0x0000000014690000] [id=1348]
  0x000000001353c000 WatcherThread [stack: 0x0000000014e60000,0x0000000014f60000] [id=6140]

VM state:not at safepoint (normal execution)

VM Mutex/Monitor currently owned by a thread: None

Heap
 PSYoungGen      total 442368K, used 92475K [0x0000000795500000, 0x00000007b2b00000, 0x0000000800000000)
  eden space 411136K, 16% used [0x0000000795500000,0x000000079971de10,0x00000007ae680000)
  from space 31232K, 79% used [0x00000007b0780000,0x00000007b1fb0f68,0x00000007b2600000)
  to   space 33792K, 0% used [0x00000007ae680000,0x00000007ae680000,0x00000007b0780000)
 ParOldGen       total 86528K, used 50729K [0x00000006c0000000, 0x00000006c5480000, 0x0000000795500000)
  object space 86528K, 58% used [0x00000006c0000000,0x00000006c318a558,0x00000006c5480000)
 PSPermGen       total 54272K, used 54042K [0x00000006bae00000, 0x00000006be300000, 0x00000006c0000000)
  object space 54272K, 99% used [0x00000006bae00000,0x00000006be2c6aa0,0x00000006be300000)

Card table byte_map: [0x00000000059a0000,0x00000000063d0000] byte_map_base: 0x00000000023c9000

Polling page: 0x0000000000230000

Code Cache  [0x00000000029a0000, 0x0000000002f00000, 0x00000000059a0000)
 total_blobs=2127 nmethods=1460 adapters=619 free_code_cache=43751Kb largest_free_block=44705856

Compilation events (10 events):
Event: 23.823 Thread 0x0000000013520000 nmethod 1596 0x0000000002ef85d0 code [0x0000000002ef8860, 0x0000000002ef9ea0]
Event: 23.823 Thread 0x0000000013520000 1602             com.android.dx.dex.code.OutputFinisher::updateInfo (44 bytes)
Event: 23.833 Thread 0x0000000013520000 nmethod 1602 0x0000000002ec9790 code [0x0000000002ec9900, 0x0000000002ec9b98]
Event: 23.834 Thread 0x0000000013520000 1603             com.android.dx.dex.code.OutputFinisher::add (15 bytes)
Event: 23.852 Thread 0x0000000013520000 nmethod 1603 0x0000000002ec6410 code [0x0000000002ec65a0, 0x0000000002ec6a30]
Event: 23.852 Thread 0x0000000013520000 1604             com.android.dx.cf.code.ByteOps::opInfo (6 bytes)
Event: 23.855 Thread 0x0000000012589000 nmethod 1601 0x0000000002efb710 code [0x0000000002efb900, 0x0000000002efc978]
Event: 23.855 Thread 0x0000000013520000 nmethod 1604 0x0000000002ec9590 code [0x0000000002ec96c0, 0x0000000002ec9718]
Event: 23.855 Thread 0x0000000013520000 1605   !         com.android.dx.cf.code.BytecodeArray::parseInstruction (2764 bytes)
Event: 23.855 Thread 0x0000000012589000 1606   !         com.android.dx.cf.code.Ropper::processBlock (1101 bytes)

GC Heap History (10 events):
Event: 7.069 GC heap before
{Heap before GC invocations=6 (full 0):
 PSYoungGen      total 71680K, used 71653K [0x0000000795500000, 0x000000079f000000, 0x0000000800000000)
  eden space 66560K, 100% used [0x0000000795500000,0x0000000799600000,0x0000000799600000)
  from space 5120K, 99% used [0x0000000799600000,0x0000000799af9640,0x0000000799b00000)
  to   space 12800K, 0% used [0x000000079e380000,0x000000079e380000,0x000000079f000000)
 ParOldGen       total 86528K, used 15049K [0x00000006c0000000, 0x00000006c5480000, 0x0000000795500000)
  object space 86528K, 17% used [0x00000006c0000000,0x00000006c0eb25d8,0x00000006c5480000)
 PSPermGen       total 29184K, used 28951K [0x00000006bae00000, 0x00000006bca80000, 0x00000006c0000000)
  object space 29184K, 99% used [0x00000006bae00000,0x00000006bca45c60,0x00000006bca80000)
Event: 7.086 GC heap after
Heap after GC invocations=6 (full 0):
 PSYoungGen      total 144896K, used 10791K [0x0000000795500000, 0x000000079f200000, 0x0000000800000000)
  eden space 132096K, 0% used [0x0000000795500000,0x0000000795500000,0x000000079d600000)
  from space 12800K, 84% used [0x000000079e380000,0x000000079ee09cb0,0x000000079f000000)
  to   space 13824K, 0% used [0x000000079d600000,0x000000079d600000,0x000000079e380000)
 ParOldGen       total 86528K, used 15057K [0x00000006c0000000, 0x00000006c5480000, 0x0000000795500000)
  object space 86528K, 17% used [0x00000006c0000000,0x00000006c0eb45d8,0x00000006c5480000)
 PSPermGen       total 29184K, used 28951K [0x00000006bae00000, 0x00000006bca80000, 0x00000006c0000000)
  object space 29184K, 99% used [0x00000006bae00000,0x00000006bca45c60,0x00000006bca80000)
}
Event: 9.367 GC heap before
{Heap before GC invocations=7 (full 0):
 PSYoungGen      total 144896K, used 142887K [0x0000000795500000, 0x000000079f200000, 0x0000000800000000)
  eden space 132096K, 100% used [0x0000000795500000,0x000000079d600000,0x000000079d600000)
  from space 12800K, 84% used [0x000000079e380000,0x000000079ee09cb0,0x000000079f000000)
  to   space 13824K, 0% used [0x000000079d600000,0x000000079d600000,0x000000079e380000)
 ParOldGen       total 86528K, used 15057K [0x00000006c0000000, 0x00000006c5480000, 0x0000000795500000)
  object space 86528K, 17% used [0x00000006c0000000,0x00000006c0eb45d8,0x00000006c5480000)
 PSPermGen       total 38912K, used 38522K [0x00000006bae00000, 0x00000006bd400000, 0x00000006c0000000)
  object space 38912K, 98% used [0x00000006bae00000,0x00000006bd39e9d8,0x00000006bd400000)
Event: 9.397 GC heap after
Heap after GC invocations=7 (full 0):
 PSYoungGen      total 145920K, used 13819K [0x0000000795500000, 0x00000007a7e00000, 0x0000000800000000)
  eden space 132096K, 0% used [0x0000000795500000,0x0000000795500000,0x000000079d600000)
  from space 13824K, 99% used [0x000000079d600000,0x000000079e37ef90,0x000000079e380000)
  to   space 19968K, 0% used [0x00000007a6a80000,0x00000007a6a80000,0x00000007a7e00000)
 ParOldGen       total 86528K, used 23361K [0x00000006c0000000, 0x00000006c5480000, 0x0000000795500000)
  object space 86528K, 26% used [0x00000006c0000000,0x00000006c16d07b8,0x00000006c5480000)
 PSPermGen       total 38912K, used 38522K [0x00000006bae00000, 0x00000006bd400000, 0x00000006c0000000)
  object space 38912K, 98% used [0x00000006bae00000,0x00000006bd39e9d8,0x00000006bd400000)
}
Event: 15.778 GC heap before
{Heap before GC invocations=8 (full 0):
 PSYoungGen      total 145920K, used 145915K [0x0000000795500000, 0x00000007a7e00000, 0x0000000800000000)
  eden space 132096K, 100% used [0x0000000795500000,0x000000079d600000,0x000000079d600000)
  from space 13824K, 99% used [0x000000079d600000,0x000000079e37ef90,0x000000079e380000)
  to   space 19968K, 0% used [0x00000007a6a80000,0x00000007a6a80000,0x00000007a7e00000)
 ParOldGen       total 86528K, used 23361K [0x00000006c0000000, 0x00000006c5480000, 0x0000000795500000)
  object space 86528K, 26% used [0x00000006c0000000,0x00000006c16d07b8,0x00000006c5480000)
 PSPermGen       total 43008K, used 42800K [0x00000006bae00000, 0x00000006bd800000, 0x00000006c0000000)
  object space 43008K, 99% used [0x00000006bae00000,0x00000006bd7cc2d0,0x00000006bd800000)
Event: 15.818 GC heap after
Heap after GC invocations=8 (full 0):
 PSYoungGen      total 278528K, used 19960K [0x0000000795500000, 0x00000007a8900000, 0x0000000800000000)
  eden space 258560K, 0% used [0x0000000795500000,0x0000000795500000,0x00000007a5180000)
  from space 19968K, 99% used [0x00000007a6a80000,0x00000007a7dfe310,0x00000007a7e00000)
  to   space 25600K, 0% used [0x00000007a5180000,0x00000007a5180000,0x00000007a6a80000)
 ParOldGen       total 86528K, used 29722K [0x00000006c0000000, 0x00000006c5480000, 0x0000000795500000)
  object space 86528K, 34% used [0x00000006c0000000,0x00000006c1d06a78,0x00000006c5480000)
 PSPermGen       total 43008K, used 42800K [0x00000006bae00000, 0x00000006bd800000, 0x00000006c0000000)
  object space 43008K, 99% used [0x00000006bae00000,0x00000006bd7cc2d0,0x00000006bd800000)
}
Event: 18.520 GC heap before
{Heap before GC invocations=9 (full 0):
 PSYoungGen      total 278528K, used 278303K [0x0000000795500000, 0x00000007a8900000, 0x0000000800000000)
  eden space 258560K, 99% used [0x0000000795500000,0x00000007a5149af8,0x00000007a5180000)
  from space 19968K, 99% used [0x00000007a6a80000,0x00000007a7dfe310,0x00000007a7e00000)
  to   space 25600K, 0% used [0x00000007a5180000,0x00000007a5180000,0x00000007a6a80000)
 ParOldGen       total 86528K, used 29722K [0x00000006c0000000, 0x00000006c5480000, 0x0000000795500000)
  object space 86528K, 34% used [0x00000006c0000000,0x00000006c1d06a78,0x00000006c5480000)
 PSPermGen       total 46080K, used 45717K [0x00000006bae00000, 0x00000006bdb00000, 0x00000006c0000000)
  object space 46080K, 99% used [0x00000006bae00000,0x00000006bdaa5418,0x00000006bdb00000)
Event: 18.560 GC heap after
Heap after GC invocations=9 (full 0):
 PSYoungGen      total 284160K, used 25570K [0x0000000795500000, 0x00000007b2600000, 0x0000000800000000)
  eden space 258560K, 0% used [0x0000000795500000,0x0000000795500000,0x00000007a5180000)
  from space 25600K, 99% used [0x00000007a5180000,0x00000007a6a78a30,0x00000007a6a80000)
  to   space 31232K, 0% used [0x00000007b0780000,0x00000007b0780000,0x00000007b2600000)
 ParOldGen       total 86528K, used 34162K [0x00000006c0000000, 0x00000006c5480000, 0x0000000795500000)
  object space 86528K, 39% used [0x00000006c0000000,0x00000006c215c9a0,0x00000006c5480000)
 PSPermGen       total 46080K, used 45717K [0x00000006bae00000, 0x00000006bdb00000, 0x00000006c0000000)
  object space 46080K, 99% used [0x00000006bae00000,0x00000006bdaa5418,0x00000006bdb00000)
}
Event: 23.779 GC heap before
{Heap before GC invocations=10 (full 0):
 PSYoungGen      total 284160K, used 284130K [0x0000000795500000, 0x00000007b2600000, 0x0000000800000000)
  eden space 258560K, 100% used [0x0000000795500000,0x00000007a5180000,0x00000007a5180000)
  from space 25600K, 99% used [0x00000007a5180000,0x00000007a6a78a30,0x00000007a6a80000)
  to   space 31232K, 0% used [0x00000007b0780000,0x00000007b0780000,0x00000007b2600000)
 ParOldGen       total 86528K, used 34162K [0x00000006c0000000, 0x00000006c5480000, 0x0000000795500000)
  object space 86528K, 39% used [0x00000006c0000000,0x00000006c215c9a0,0x00000006c5480000)
 PSPermGen       total 54272K, used 53985K [0x00000006bae00000, 0x00000006be300000, 0x00000006c0000000)
  object space 54272K, 99% used [0x00000006bae00000,0x00000006be2b85c8,0x00000006be300000)
Event: 23.822 GC heap after
Heap after GC invocations=10 (full 0):
 PSYoungGen      total 442368K, used 24771K [0x0000000795500000, 0x00000007b2b00000, 0x0000000800000000)
  eden space 411136K, 0% used [0x0000000795500000,0x0000000795500000,0x00000007ae680000)
  from space 31232K, 79% used [0x00000007b0780000,0x00000007b1fb0f68,0x00000007b2600000)
  to   space 33792K, 0% used [0x00000007ae680000,0x00000007ae680000,0x00000007b0780000)
 ParOldGen       total 86528K, used 50729K [0x00000006c0000000, 0x00000006c5480000, 0x0000000795500000)
  object space 86528K, 58% used [0x00000006c0000000,0x00000006c318a558,0x00000006c5480000)
 PSPermGen       total 54272K, used 53985K [0x00000006bae00000, 0x00000006be300000, 0x00000006c0000000)
  object space 54272K, 99% used [0x00000006bae00000,0x00000006be2b85c8,0x00000006be300000)
}

Deoptimization events (10 events):
Event: 23.378 Thread 0x00000000155b1800 Uncommon trap: reason=unreached action=reinterpret pc=0x0000000002ed2434 method=com.android.dx.ssa.LocalVariableExtractor.processBlock(I)V @ 251
Event: 23.453 Thread 0x00000000155b4000 Uncommon trap: reason=null_check action=make_not_entrant pc=0x0000000002eaa958 method=com.android.dx.ssa.SsaRenamer.getLocalForNewReg(I)Lcom/android/dx/rop/code/LocalItem; @ 19
Event: 23.641 Thread 0x0000000015657800 Uncommon trap: reason=bimorphic action=maybe_recompile pc=0x0000000002e5e238 method=java.util.ComparableTimSort.mergeHi(IIII)V @ 211
Event: 23.718 Thread 0x0000000015657800 Uncommon trap: reason=class_check action=maybe_recompile pc=0x0000000002ebf238 method=com.android.dx.util.FixedSizeList.equals(Ljava/lang/Object;)Z @ 25
Event: 23.718 Thread 0x0000000015657800 Uncommon trap: reason=class_check action=maybe_recompile pc=0x0000000002ebf238 method=com.android.dx.util.FixedSizeList.equals(Ljava/lang/Object;)Z @ 25
Event: 23.718 Thread 0x0000000015657800 Uncommon trap: reason=class_check action=maybe_recompile pc=0x0000000002ebf238 method=com.android.dx.util.FixedSizeList.equals(Ljava/lang/Object;)Z @ 25
Event: 23.718 Thread 0x0000000015657800 Uncommon trap: reason=class_check action=maybe_recompile pc=0x0000000002ebf238 method=com.android.dx.util.FixedSizeList.equals(Ljava/lang/Object;)Z @ 25
Event: 23.830 Thread 0x0000000015657800 Uncommon trap: reason=null_check action=make_not_entrant pc=0x0000000002ca31a8 method=java.lang.StringCoding.deref(Ljava/lang/ThreadLocal;)Ljava/lang/Object; @ 4
Event: 24.083 Thread 0x0000000015659000 Uncommon trap: reason=bimorphic action=maybe_recompile pc=0x0000000002e5e238 method=java.util.ComparableTimSort.mergeHi(IIII)V @ 211
Event: 24.148 Thread 0x0000000015654800 Uncommon trap: reason=class_check action=maybe_recompile pc=0x0000000002eccd98 method=com.android.dx.ssa.SsaConverter.placePhiFunctions(Lcom/android/dx/ssa/SsaMethod;Lcom/android/dx/ssa/LocalVariableInfo;I)V @ 257

Internal exceptions (10 events):
Event: 23.237 Thread 0x000000001564f800 Implicit null exception at 0x0000000002eb99d0 to 0x0000000002eb9d49
Event: 23.453 Thread 0x00000000155b4000 Implicit null exception at 0x0000000002ea97db to 0x0000000002eaa931
Event: 23.683 Thread 0x0000000015657800 Threw 0x000000079e661730 at C:\re\jdk7u79\2331\hotspot\src\share\vm\prims\jvm.cpp:1304
Event: 23.717 Thread 0x0000000015657800 Threw 0x000000079e695288 at C:\re\jdk7u79\2331\hotspot\src\share\vm\prims\jvm.cpp:1304
Event: 23.718 Thread 0x0000000015657800 Threw 0x000000079e699148 at C:\re\jdk7u79\2331\hotspot\src\share\vm\prims\jvm.cpp:1304
Event: 23.830 Thread 0x0000000015657800 Implicit null exception at 0x0000000002ca2a5f to 0x0000000002ca318d
Event: 24.083 Thread 0x0000000015659000 Threw 0x0000000797daadf8 at C:\re\jdk7u79\2331\hotspot\src\share\vm\prims\jvm.cpp:1304
Event: 24.138 Thread 0x0000000015654800 Threw 0x000000079814fd78 at C:\re\jdk7u79\2331\hotspot\src\share\vm\prims\jvm.cpp:1304
Event: 24.148 Thread 0x0000000015654800 Threw 0x0000000798198a38 at C:\re\jdk7u79\2331\hotspot\src\share\vm\prims\jvm.cpp:1304
Event: 24.304 Thread 0x0000000015659000 Threw 0x0000000797e383e0 at C:\re\jdk7u79\2331\hotspot\src\share\vm\prims\jvm.cpp:1304

Events (10 events):
Event: 24.135 loading class 0x0000000016211280 done
Event: 24.148 Thread 0x0000000015654800 Uncommon trap: trap_request=0xffffffde fr.pc=0x0000000002eccd98
Event: 24.148 Thread 0x0000000015654800 DEOPT PACKING pc=0x0000000002eccd98 sp=0x000000001b31e6d0
Event: 24.148 Thread 0x0000000015654800 DEOPT UNPACKING pc=0x00000000029d9064 sp=0x000000001b31e690 mode 2
Event: 24.148 loading class 0x000000001792b5b0
Event: 24.148 loading class 0x000000001792b5b0 done
Event: 24.230 Thread 0x00000000155b4800 Thread exited: 0x00000000155b4800
Event: 24.304 loading class 0x0000000018b96cc0
Event: 24.304 loading class 0x0000000018b96cc0 done
Event: 24.398 Thread 0x00000000155b1800 Thread exited: 0x00000000155b1800


Dynamic libraries:
0x000000013f900000 - 0x000000013f933000 	C:\Program Files\Java\jdk1.7.0_79\bin\java.exe
0x0000000077bc0000 - 0x0000000077d6b000 	C:\Windows\SYSTEM32\ntdll.dll
0x00000000779a0000 - 0x0000000077abf000 	C:\Windows\system32\kernel32.dll
0x000007fefdda0000 - 0x000007fefde0b000 	C:\Windows\system32\KERNELBASE.dll
0x000007fefe130000 - 0x000007fefe20b000 	C:\Windows\system32\ADVAPI32.dll
0x000007fefe320000 - 0x000007fefe3bf000 	C:\Windows\system32\msvcrt.dll
0x000007fefdf90000 - 0x000007fefdfaf000 	C:\Windows\SYSTEM32\sechost.dll
0x000007fefe3c0000 - 0x000007fefe4ee000 	C:\Windows\system32\RPCRT4.dll
0x0000000077ac0000 - 0x0000000077bba000 	C:\Windows\system32\USER32.dll
0x000007feff9d0000 - 0x000007feffa37000 	C:\Windows\system32\GDI32.dll
0x000007fefeb90000 - 0x000007fefeb9e000 	C:\Windows\system32\LPK.dll
0x000007feffe00000 - 0x000007feffeca000 	C:\Windows\system32\USP10.dll
0x000007fefc5b0000 - 0x000007fefc7a4000 	C:\Windows\WinSxS\amd64_microsoft.windows.common-controls_6595b64144ccf1df_6.0.7600.16385_none_fa645303170382f6\COMCTL32.dll
0x000007fefe830000 - 0x000007fefe8a1000 	C:\Windows\system32\SHLWAPI.dll
0x000007fefeac0000 - 0x000007fefeaee000 	C:\Windows\system32\IMM32.DLL
0x000007fefe210000 - 0x000007fefe319000 	C:\Windows\system32\MSCTF.dll
0x0000000066d50000 - 0x0000000066e22000 	C:\Program Files\Java\jdk1.7.0_79\jre\bin\msvcr100.dll
0x00000000588b0000 - 0x0000000059085000 	C:\Program Files\Java\jdk1.7.0_79\jre\bin\server\jvm.dll
0x000007fefbe50000 - 0x000007fefbe59000 	C:\Windows\system32\WSOCK32.dll
0x000007feffb80000 - 0x000007feffbcd000 	C:\Windows\system32\WS2_32.dll
0x000007feffa40000 - 0x000007feffa48000 	C:\Windows\system32\NSI.dll
0x000007fefa2a0000 - 0x000007fefa2db000 	C:\Windows\system32\WINMM.dll
0x0000000077d90000 - 0x0000000077d97000 	C:\Windows\system32\PSAPI.DLL
0x00000000746a0000 - 0x00000000746af000 	C:\Program Files\Java\jdk1.7.0_79\jre\bin\verify.dll
0x0000000068480000 - 0x00000000684a8000 	C:\Program Files\Java\jdk1.7.0_79\jre\bin\java.dll
0x0000000068460000 - 0x0000000068475000 	C:\Program Files\Java\jdk1.7.0_79\jre\bin\zip.dll
0x0000000068230000 - 0x000000006824a000 	C:\Program Files\Java\jdk1.7.0_79\jre\bin\net.dll
0x000007fefd350000 - 0x000007fefd3a4000 	C:\Windows\system32\mswsock.dll
0x000007fefd340000 - 0x000007fefd347000 	C:\Windows\System32\wship6.dll
0x0000000068210000 - 0x0000000068221000 	C:\Program Files\Java\jdk1.7.0_79\jre\bin\nio.dll
0x000007fefb100000 - 0x000007fefb112000 	C:\Users\user\.gradle\native\19\windows-amd64\native-platform.dll
0x000007fefb7e0000 - 0x000007fefb807000 	C:\Windows\system32\IPHLPAPI.DLL
0x000007fefb7c0000 - 0x000007fefb7cb000 	C:\Windows\system32\WINNSI.DLL
0x000007fefb4b0000 - 0x000007fefb4c8000 	C:\Windows\system32\dhcpcsvc.DLL
0x000007fefb3e0000 - 0x000007fefb3f1000 	C:\Windows\system32\dhcpcsvc6.DLL
0x000007fefd3b0000 - 0x000007fefd3c7000 	C:\Windows\system32\CRYPTSP.dll
0x000007fefd0b0000 - 0x000007fefd0f7000 	C:\Windows\system32\rsaenh.dll
0x000007fefce70000 - 0x000007fefce8e000 	C:\Windows\system32\USERENV.dll
0x000007fefdb20000 - 0x000007fefdb2f000 	C:\Windows\system32\profapi.dll
0x000007fefda10000 - 0x000007fefda1f000 	C:\Windows\system32\CRYPTBASE.dll
0x000007fefd9b0000 - 0x000007fefda07000 	C:\Windows\system32\apphelp.dll
0x0000000068200000 - 0x000000006820b000 	C:\Program Files\Java\jdk1.7.0_79\jre\bin\management.dll
0x000007fee9e80000 - 0x000007fee9fa5000 	C:\Windows\system32\dbghelp.dll

VM Arguments:
jvm_args: -Xmx5120M -Dfile.encoding=windows-31j -Duser.country=US -Duser.language=en -Duser.variant 
java_command: org.gradle.launcher.daemon.bootstrap.GradleDaemon 2.10
Launcher Type: SUN_STANDARD

Environment Variables:
JAVA_HOME=C:\Program Files\Java\jdk1.7.0_79
PATH=C:\ProgramData\Oracle\Java\javapath;C:\Program Files (x86)\AMD APP\bin\x86_64;C:\Program Files (x86)\AMD APP\bin\x86;C:\Windows\system32;C:\Windows;C:\Windows\System32\Wbem;C:\Windows\System32\WindowsPowerShell\v1.0\;C:\Program Files (x86)\ATI Technologies\ATI.ACE\Core-Static;C:\Go\bin;C:\xampp\php;C:\ProgramData\ComposerSetup\bin;C:\Program Files (x86)\Common Files\lenovo\easyplussdk\bin;C:\WinPython-64bit-2.7.10.2\python-2.7.10.amd64;C:\WinPython-64bit-2.7.10.2\python-2.7.10.amd64\Scripts;C:\Program Files (x86)\Skype\Phone\
USERNAME=user
OS=Windows_NT
PROCESSOR_IDENTIFIER=Intel64 Family 6 Model 30 Stepping 5, GenuineIntel



---------------  S Y S T E M  ---------------

OS: Windows 7 , 64 bit Build 7600 

CPU:total 8 (4 cores per cpu, 2 threads per core) family 6 model 30 stepping 5, cmov, cx8, fxsr, mmx, sse, sse2, sse3, ssse3, sse4.1, sse4.2, popcnt, ht, tsc, tscinvbit

Memory: 4k page, physical 8312336k(4427412k free), swap 16622776k(11897820k free)

vm_info: Java HotSpot(TM) 64-Bit Server VM (24.79-b02) for windows-amd64 JRE (1.7.0_79-b15), built on Apr 10 2015 12:36:16 by "java_re" with unknown MS VC++:1600

time: Thu Aug 04 08:04:22 2016
elapsed time: 24 seconds

